Base path: C:/Program Files/Unity/Editor/Data
Pipe name: \\.\pipe\UnityShaderCompiler-64bit-4-4584
Cmd: getPlatforms
Cmd: compileSnippet
  api=9 type=0 insize=541 outsize=673 kw=SHADOWS_CUBE ok=1
Cmd: compileSnippet
  api=9 type=1 insize=541 outsize=7 kw=SHADOWS_DEPTH ok=1
Cmd: compileSnippet
  api=5 type=0 insize=6810 outsize=4868 kw=DIRECTIONAL SHADOWS_OFF LIGHTMAP_OFF DIRLIGHTMAP_OFF DYNAMICLIGHTMAP_OFF VERTEXLIGHT_ON ok=1
Cmd: compileSnippet
  api=9 type=0 insize=6810 outsize=4138 kw=DIRECTIONAL SHADOWS_SCREEN SHADOWS_NATIVE LIGHTMAP_OFF DIRLIGHTMAP_OFF DYNAMICLIGHTMAP_OFF ok=1
Cmd: compileSnippet
  api=5 type=1 insize=6810 outsize=6 kw=DIRECTIONAL SHADOWS_SCREEN SHADOWS_NATIVE LIGHTMAP_OFF DIRLIGHTMAP_OFF DYNAMICLIGHTMAP_OFF ok=1
Cmd: compileSnippet
  api=5 type=0 insize=3647 outsize=2362 kw=DIRECTIONAL ok=1
Cmd: compileSnippet
  api=5 type=0 insize=3647 outsize=3238 kw=SPOT ok=1
Cmd: compileSnippet
  api=9 type=0 insize=3647 outsize=2815 kw=DIRECTIONAL_COOKIE ok=1
Cmd: compileSnippet
  api=5 type=1 insize=3647 outsize=6 kw=POINT ok=1
Cmd: compileSnippet
  api=9 type=1 insize=3647 outsize=7 kw=SPOT ok=1
Cmd: compileSnippet
  api=9 type=1 insize=3647 outsize=7 kw=DIRECTIONAL_COOKIE ok=1
Cmd: compileSnippet
  api=9 type=0 insize=5974 outsize=3466 kw=LIGHTMAP_OFF DIRLIGHTMAP_OFF DYNAMICLIGHTMAP_OFF UNITY_HDR_ON ok=1
Cmd: compileSnippet
  api=5 type=1 insize=5974 outsize=6 kw=LIGHTMAP_OFF DIRLIGHTMAP_OFF DYNAMICLIGHTMAP_OFF UNITY_HDR_ON ok=1
Cmd: compileSnippet
  api=9 type=0 insize=5928 outsize=3495 kw=LIGHTMAP_OFF DIRLIGHTMAP_OFF DYNAMICLIGHTMAP_OFF HDR_LIGHT_PREPASS_OFF ok=1
Cmd: compileSnippet
  api=9 type=1 insize=5928 outsize=7 kw=LIGHTMAP_OFF DIRLIGHTMAP_OFF DYNAMICLIGHTMAP_OFF UNITY_HDR_ON ok=1
Cmd: compileSnippet
  api=9 type=0 insize=1275 outsize=3801 kw=POINT SHADOWS_OFF ok=1
Cmd: compileSnippet
  api=9 type=0 insize=1275 outsize=4215 kw=SPOT SHADOWS_OFF ok=1
Cmd: compileSnippet
  api=5 type=0 insize=1275 outsize=5066 kw=SPOT SHADOWS_DEPTH SHADOWS_NONATIVE ok=1
Cmd: compileSnippet
  api=5 type=0 insize=1275 outsize=4191 kw=DIRECTIONAL_COOKIE SHADOWS_SCREEN ok=1
Cmd: compileSnippet
  api=9 type=0 insize=1275 outsize=4688 kw=POINT_COOKIE SHADOWS_CUBE ok=1
Cmd: compileSnippet
  api=5 type=0 insize=1275 outsize=5843 kw=POINT SHADOWS_CUBE SHADOWS_SOFT ok=1
Cmd: compileSnippet
  api=5 type=0 insize=1275 outsize=3902 kw=DIRECTIONAL SHADOWS_SCREEN SHADOWS_NATIVE ok=1
Cmd: compileSnippet
  api=9 type=1 insize=1275 outsize=7 kw=DIRECTIONAL SHADOWS_OFF ok=1
Cmd: compileSnippet
  api=9 type=1 insize=1275 outsize=7 kw=POINT_COOKIE SHADOWS_OFF ok=1
Cmd: compileSnippet
  api=5 type=1 insize=1275 outsize=6 kw=SPOT SHADOWS_DEPTH SHADOWS_NONATIVE ok=1
Cmd: compileSnippet
  api=5 type=1 insize=1275 outsize=6 kw=DIRECTIONAL_COOKIE SHADOWS_SCREEN ok=1
Cmd: compileSnippet
  api=9 type=1 insize=1275 outsize=7 kw=POINT_COOKIE SHADOWS_CUBE ok=1
Cmd: compileSnippet
  api=9 type=1 insize=1275 outsize=7 kw=SPOT SHADOWS_DEPTH SHADOWS_SOFT SHADOWS_NATIVE ok=1
Cmd: compileSnippet
  api=9 type=1 insize=1275 outsize=7 kw=POINT_COOKIE SHADOWS_CUBE SHADOWS_SOFT ok=1
Cmd: compileSnippet
  api=9 type=1 insize=1275 outsize=7 kw=DIRECTIONAL_COOKIE SHADOWS_SCREEN SHADOWS_NATIVE ok=1
Cmd: compileSnippet
  api=5 type=0 insize=1268 outsize=3360 kw=DIRECTIONAL SHADOWS_OFF ok=1
Cmd: compileSnippet
  api=5 type=0 insize=1268 outsize=4121 kw=SPOT SHADOWS_OFF ok=1
Cmd: compileSnippet
  api=5 type=0 insize=1268 outsize=3705 kw=DIRECTIONAL_COOKIE SHADOWS_OFF ok=1
Cmd: compileSnippet
  api=9 type=0 insize=1268 outsize=4964 kw=SPOT SHADOWS_DEPTH SHADOWS_NATIVE ok=1
Cmd: compileSnippet
  api=9 type=0 insize=1268 outsize=4333 kw=POINT SHADOWS_CUBE ok=1
Cmd: compileSnippet
  api=5 type=0 insize=1268 outsize=5913 kw=SPOT SHADOWS_DEPTH SHADOWS_SOFT SHADOWS_NATIVE ok=1
Cmd: compileSnippet
  api=9 type=0 insize=1268 outsize=5878 kw=POINT_COOKIE SHADOWS_CUBE SHADOWS_SOFT ok=1
Cmd: compileSnippet
  api=9 type=0 insize=1268 outsize=4165 kw=DIRECTIONAL_COOKIE SHADOWS_SCREEN SHADOWS_NATIVE ok=1
Cmd: compileSnippet
  api=9 type=1 insize=1268 outsize=7 kw=POINT SHADOWS_OFF ok=1
Cmd: compileSnippet
  api=5 type=1 insize=1268 outsize=6 kw=SPOT SHADOWS_OFF ok=1
Cmd: compileSnippet
  api=5 type=1 insize=1268 outsize=6 kw=SPOT SHADOWS_DEPTH SHADOWS_NONATIVE ok=1
Cmd: compileSnippet
  api=5 type=1 insize=1268 outsize=6 kw=DIRECTIONAL_COOKIE SHADOWS_SCREEN ok=1
Cmd: compileSnippet
  api=9 type=1 insize=1268 outsize=7 kw=POINT_COOKIE SHADOWS_CUBE ok=1
Cmd: compileSnippet
  api=5 type=1 insize=1268 outsize=6 kw=POINT SHADOWS_CUBE SHADOWS_SOFT ok=1
Cmd: compileSnippet
  api=5 type=1 insize=1268 outsize=6 kw=DIRECTIONAL_COOKIE SHADOWS_SCREEN SHADOWS_NATIVE ok=1
Cmd: compileSnippet
  api=9 type=0 insize=1273 outsize=3403 kw=DIRECTIONAL SHADOWS_OFF ok=1
Cmd: compileSnippet
  api=5 type=0 insize=1273 outsize=4126 kw=SPOT SHADOWS_OFF ok=1
Cmd: compileSnippet
  api=5 type=0 insize=1273 outsize=5011 kw=SPOT SHADOWS_DEPTH SHADOWS_NONATIVE ok=1
Cmd: compileSnippet
  api=5 type=0 insize=1273 outsize=4411 kw=POINT SHADOWS_CUBE ok=1
Cmd: compileSnippet
  api=5 type=0 insize=1273 outsize=6426 kw=SPOT SHADOWS_DEPTH SHADOWS_SOFT SHADOWS_NONATIVE ok=1
Cmd: compileSnippet
  api=9 type=0 insize=1273 outsize=5588 kw=POINT SHADOWS_CUBE SHADOWS_SOFT ok=1
Cmd: compileSnippet
  api=9 type=0 insize=1273 outsize=3883 kw=DIRECTIONAL SHADOWS_SCREEN SHADOWS_NATIVE ok=1
Cmd: compileSnippet
  api=9 type=1 insize=1273 outsize=7 kw=DIRECTIONAL SHADOWS_OFF ok=1
Cmd: compileSnippet
  api=9 type=1 insize=1273 outsize=7 kw=POINT_COOKIE SHADOWS_OFF ok=1
Cmd: compileSnippet
  api=5 type=1 insize=1273 outsize=6 kw=SPOT SHADOWS_DEPTH SHADOWS_NATIVE ok=1
Cmd: compileSnippet
  api=5 type=1 insize=1273 outsize=6 kw=POINT SHADOWS_CUBE ok=1
Cmd: compileSnippet
  api=5 type=1 insize=1273 outsize=6 kw=SPOT SHADOWS_DEPTH SHADOWS_SOFT SHADOWS_NONATIVE ok=1
Cmd: compileSnippet
  api=9 type=1 insize=1273 outsize=7 kw=POINT SHADOWS_CUBE SHADOWS_SOFT ok=1
Cmd: compileSnippet
  api=9 type=1 insize=1273 outsize=7 kw=DIRECTIONAL SHADOWS_SCREEN SHADOWS_NATIVE ok=1
Cmd: compileSnippet
  api=9 type=0 insize=1934 outsize=3928 kw=POINT SHADOWS_OFF ok=1
Cmd: compileSnippet
  api=5 type=0 insize=1934 outsize=4310 kw=SPOT SHADOWS_OFF ok=1
Cmd: compileSnippet
  api=5 type=0 insize=1934 outsize=3895 kw=DIRECTIONAL_COOKIE SHADOWS_OFF ok=1
Cmd: compileSnippet
  api=5 type=0 insize=1934 outsize=4205 kw=DIRECTIONAL SHADOWS_SCREEN ok=1
Cmd: compileSnippet
  api=9 type=0 insize=1934 outsize=4468 kw=POINT SHADOWS_CUBE ok=1
Cmd: compileSnippet
  api=5 type=0 insize=1934 outsize=6276 kw=SPOT SHADOWS_DEPTH SHADOWS_SOFT SHADOWS_NATIVE ok=1
Cmd: compileSnippet
  api=5 type=0 insize=1934 outsize=6221 kw=POINT_COOKIE SHADOWS_CUBE SHADOWS_SOFT ok=1
Cmd: compileSnippet
  api=9 type=0 insize=1934 outsize=3819 kw=POINT SHADOWS_OFF UNITY_HDR_ON ok=1
Cmd: compileSnippet
  api=9 type=0 insize=1934 outsize=4231 kw=SPOT SHADOWS_OFF UNITY_HDR_ON ok=1
Cmd: compileSnippet
  api=9 type=0 insize=1934 outsize=3818 kw=DIRECTIONAL_COOKIE SHADOWS_OFF UNITY_HDR_ON ok=1
Cmd: compileSnippet
  api=5 type=0 insize=1934 outsize=4096 kw=DIRECTIONAL SHADOWS_SCREEN UNITY_HDR_ON ok=1
Cmd: compileSnippet
  api=5 type=0 insize=1934 outsize=4735 kw=POINT_COOKIE SHADOWS_CUBE UNITY_HDR_ON ok=1
Cmd: compileSnippet
  api=9 type=0 insize=1934 outsize=6106 kw=SPOT SHADOWS_DEPTH SHADOWS_SOFT SHADOWS_NATIVE UNITY_HDR_ON ok=1
Cmd: compileSnippet
  api=9 type=0 insize=1934 outsize=5904 kw=POINT_COOKIE SHADOWS_CUBE SHADOWS_SOFT UNITY_HDR_ON ok=1
Cmd: compileSnippet
  api=9 type=0 insize=1934 outsize=4364 kw=DIRECTIONAL_COOKIE SHADOWS_SCREEN SHADOWS_NATIVE UNITY_HDR_ON ok=1
Cmd: compileSnippet
  api=5 type=1 insize=1934 outsize=6 kw=DIRECTIONAL SHADOWS_OFF ok=1
Cmd: compileSnippet
  api=9 type=1 insize=1934 outsize=7 kw=SPOT SHADOWS_OFF ok=1
Cmd: compileSnippet
  api=9 type=1 insize=1934 outsize=7 kw=DIRECTIONAL_COOKIE SHADOWS_OFF ok=1
Cmd: compileSnippet
  api=5 type=1 insize=1934 outsize=6 kw=DIRECTIONAL SHADOWS_SCREEN ok=1
Cmd: compileSnippet
  api=5 type=1 insize=1934 outsize=6 kw=POINT_COOKIE SHADOWS_CUBE ok=1
Cmd: compileSnippet
  api=9 type=1 insize=1934 outsize=7 kw=SPOT SHADOWS_DEPTH SHADOWS_SOFT SHADOWS_NATIVE ok=1
Cmd: compileSnippet
  api=9 type=1 insize=1934 outsize=7 kw=POINT_COOKIE SHADOWS_CUBE SHADOWS_SOFT ok=1
Cmd: compileSnippet
  api=9 type=1 insize=1934 outsize=7 kw=DIRECTIONAL_COOKIE SHADOWS_SCREEN SHADOWS_NATIVE ok=1
Cmd: compileSnippet
  api=9 type=1 insize=1934 outsize=7 kw=DIRECTIONAL SHADOWS_OFF UNITY_HDR_ON ok=1
Cmd: compileSnippet
  api=9 type=1 insize=1934 outsize=7 kw=POINT_COOKIE SHADOWS_OFF UNITY_HDR_ON ok=1
Cmd: compileSnippet
  api=5 type=1 insize=1934 outsize=6 kw=SPOT SHADOWS_DEPTH SHADOWS_NATIVE UNITY_HDR_ON ok=1
Cmd: compileSnippet
  api=5 type=1 insize=1934 outsize=6 kw=POINT SHADOWS_CUBE UNITY_HDR_ON ok=1
Cmd: compileSnippet
  api=5 type=1 insize=1934 outsize=6 kw=SPOT SHADOWS_DEPTH SHADOWS_SOFT UNITY_HDR_ON SHADOWS_NONATIVE ok=1
Cmd: compileSnippet
  api=9 type=1 insize=1934 outsize=7 kw=POINT SHADOWS_CUBE SHADOWS_SOFT UNITY_HDR_ON ok=1
Cmd: compileSnippet
  api=9 type=1 insize=1934 outsize=7 kw=DIRECTIONAL SHADOWS_SCREEN SHADOWS_NATIVE UNITY_HDR_ON ok=1
Cmd: compileSnippet
  api=9 type=0 insize=683 outsize=554 kw= ok=1
Cmd: compileSnippet
  api=9 type=0 insize=1051 outsize=1050 kw= ok=1
Cmd: compileSnippet
  api=9 type=0 insize=1089 outsize=862 kw= ok=1
Cmd: compileSnippet
  api=9 type=0 insize=6481 outsize=20531 kw= ok=1
Cmd: compileSnippet
  api=9 type=0 insize=723 outsize=630 kw= ok=1
Cmd: compileSnippet
  api=9 type=0 insize=1079 outsize=1213 kw= ok=1
Unhandled exception: Readfile from pipe failed. GLE=The pipe has been ended.


Quitting shader compiler process

Crashed!
